E:\HXIJY\ENDOSCOPEMFC2012_MENU_CHANGEPARA_YOUHUA_SAVEPIC_USB_1114_TWOTHREAD_SVEPIC_SAVE5\SRC\ENDOSCOPEMFC\RELEASE\ENDOSCOPEMFC.PCH
E:\HXIJY\ENDOSCOPEMFC2012_MENU_CHANGEPARA_YOUHUA_SAVEPIC_USB_1114_TWOTHREAD_SVEPIC_SAVE5\SRC\ENDOSCOPEMFC\RELEASE\PCH.OBJ
E:\HXIJY\ENDOSCOPEMFC2012_MENU_CHANGEPARA_YOUHUA_SAVEPIC_USB_1114_TWOTHREAD_SVEPIC_SAVE5\SRC\ENDOSCOPEMFC\RELEASE\VC110.PDB
E:\HXIJY\ENDOSCOPEMFC2012_MENU_CHANGEPARA_YOUHUA_SAVEPIC_USB_1114_TWOTHREAD_SVEPIC_SAVE5\SRC\ENDOSCOPEMFC\RELEASE\YUVQUEUE.OBJ
E:\HXIJY\ENDOSCOPEMFC2012_MENU_CHANGEPARA_YOUHUA_SAVEPIC_USB_1114_TWOTHREAD_SVEPIC_SAVE5\SRC\ENDOSCOPEMFC\RELEASE\VIDEOCOMIO.OBJ
E:\HXIJY\ENDOSCOPEMFC2012_MENU_CHANGEPARA_YOUHUA_SAVEPIC_USB_1114_TWOTHREAD_SVEPIC_SAVE5\SRC\ENDOSCOPEMFC\RELEASE\PROCESSCARD.OBJ
E:\HXIJY\ENDOSCOPEMFC2012_MENU_CHANGEPARA_YOUHUA_SAVEPIC_USB_1114_TWOTHREAD_SVEPIC_SAVE5\SRC\ENDOSCOPEMFC\RELEASE\PLC.OBJ
E:\HXIJY\ENDOSCOPEMFC2012_MENU_CHANGEPARA_YOUHUA_SAVEPIC_USB_1114_TWOTHREAD_SVEPIC_SAVE5\SRC\ENDOSCOPEMFC\RELEASE\PICQUEUE.OBJ
E:\HXIJY\ENDOSCOPEMFC2012_MENU_CHANGEPARA_YOUHUA_SAVEPIC_USB_1114_TWOTHREAD_SVEPIC_SAVE5\SRC\ENDOSCOPEMFC\RELEASE\PACKQUEUE.OBJ
E:\HXIJY\ENDOSCOPEMFC2012_MENU_CHANGEPARA_YOUHUA_SAVEPIC_USB_1114_TWOTHREAD_SVEPIC_SAVE5\SRC\ENDOSCOPEMFC\RELEASE\MWCCGRAPHBUILDER.OBJ
E:\HXIJY\ENDOSCOPEMFC2012_MENU_CHANGEPARA_YOUHUA_SAVEPIC_USB_1114_TWOTHREAD_SVEPIC_SAVE5\SRC\ENDOSCOPEMFC\RELEASE\LOGIN.OBJ
E:\HXIJY\ENDOSCOPEMFC2012_MENU_CHANGEPARA_YOUHUA_SAVEPIC_USB_1114_TWOTHREAD_SVEPIC_SAVE5\SRC\ENDOSCOPEMFC\RELEASE\LIGHTCOMIO.OBJ
E:\HXIJY\ENDOSCOPEMFC2012_MENU_CHANGEPARA_YOUHUA_SAVEPIC_USB_1114_TWOTHREAD_SVEPIC_SAVE5\SRC\ENDOSCOPEMFC\RELEASE\FRAMEQUEUE.OBJ
E:\HXIJY\ENDOSCOPEMFC2012_MENU_CHANGEPARA_YOUHUA_SAVEPIC_USB_1114_TWOTHREAD_SVEPIC_SAVE5\SRC\ENDOSCOPEMFC\RELEASE\ENDOSCOPEMFCDLG.OBJ
E:\HXIJY\ENDOSCOPEMFC2012_MENU_CHANGEPARA_YOUHUA_SAVEPIC_USB_1114_TWOTHREAD_SVEPIC_SAVE5\SRC\ENDOSCOPEMFC\RELEASE\ENDOSCOPEMFC.OBJ
E:\HXIJY\ENDOSCOPEMFC2012_MENU_CHANGEPARA_YOUHUA_SAVEPIC_USB_1114_TWOTHREAD_SVEPIC_SAVE5\SRC\ENDOSCOPEMFC\RELEASE\EDSCAPTURE.OBJ
E:\HXIJY\ENDOSCOPEMFC2012_MENU_CHANGEPARA_YOUHUA_SAVEPIC_USB_1114_TWOTHREAD_SVEPIC_SAVE5\SRC\ENDOSCOPEMFC\RELEASE\DATATYPE.OBJ
E:\HXIJY\ENDOSCOPEMFC2012_MENU_CHANGEPARA_YOUHUA_SAVEPIC_USB_1114_TWOTHREAD_SVEPIC_SAVE5\SRC\ENDOSCOPEMFC\RELEASE\CSETPSW.OBJ
E:\HXIJY\ENDOSCOPEMFC2012_MENU_CHANGEPARA_YOUHUA_SAVEPIC_USB_1114_TWOTHREAD_SVEPIC_SAVE5\SRC\ENDOSCOPEMFC\RELEASE\CEDSGRABBERCB.OBJ
E:\HXIJY\ENDOSCOPEMFC2012_MENU_CHANGEPARA_YOUHUA_SAVEPIC_USB_1114_TWOTHREAD_SVEPIC_SAVE5\BIN\ENDOSCOPEMFC.EXE
E:\HXIJY\ENDOSCOPEMFC2012_MENU_CHANGEPARA_YOUHUA_SAVEPIC_USB_1114_TWOTHREAD_SVEPIC_SAVE5\SRC\ENDOSCOPEMFC\RELEASE\CEDSGRABBERCB.COD
E:\HXIJY\ENDOSCOPEMFC2012_MENU_CHANGEPARA_YOUHUA_SAVEPIC_USB_1114_TWOTHREAD_SVEPIC_SAVE5\SRC\ENDOSCOPEMFC\RELEASE\CSETPSW.COD
E:\HXIJY\ENDOSCOPEMFC2012_MENU_CHANGEPARA_YOUHUA_SAVEPIC_USB_1114_TWOTHREAD_SVEPIC_SAVE5\SRC\ENDOSCOPEMFC\RELEASE\DATATYPE.COD
E:\HXIJY\ENDOSCOPEMFC2012_MENU_CHANGEPARA_YOUHUA_SAVEPIC_USB_1114_TWOTHREAD_SVEPIC_SAVE5\SRC\ENDOSCOPEMFC\RELEASE\EDSCAPTURE.COD
E:\HXIJY\ENDOSCOPEMFC2012_MENU_CHANGEPARA_YOUHUA_SAVEPIC_USB_1114_TWOTHREAD_SVEPIC_SAVE5\SRC\ENDOSCOPEMFC\RELEASE\ENDOSCOPEMFC.COD
E:\HXIJY\ENDOSCOPEMFC2012_MENU_CHANGEPARA_YOUHUA_SAVEPIC_USB_1114_TWOTHREAD_SVEPIC_SAVE5\SRC\ENDOSCOPEMFC\RELEASE\ENDOSCOPEMFCDLG.COD
E:\HXIJY\ENDOSCOPEMFC2012_MENU_CHANGEPARA_YOUHUA_SAVEPIC_USB_1114_TWOTHREAD_SVEPIC_SAVE5\SRC\ENDOSCOPEMFC\RELEASE\FRAMEQUEUE.COD
E:\HXIJY\ENDOSCOPEMFC2012_MENU_CHANGEPARA_YOUHUA_SAVEPIC_USB_1114_TWOTHREAD_SVEPIC_SAVE5\SRC\ENDOSCOPEMFC\RELEASE\LIGHTCOMIO.COD
E:\HXIJY\ENDOSCOPEMFC2012_MENU_CHANGEPARA_YOUHUA_SAVEPIC_USB_1114_TWOTHREAD_SVEPIC_SAVE5\SRC\ENDOSCOPEMFC\RELEASE\LOGIN.COD
E:\HXIJY\ENDOSCOPEMFC2012_MENU_CHANGEPARA_YOUHUA_SAVEPIC_USB_1114_TWOTHREAD_SVEPIC_SAVE5\SRC\ENDOSCOPEMFC\RELEASE\MWCCGRAPHBUILDER.COD
E:\HXIJY\ENDOSCOPEMFC2012_MENU_CHANGEPARA_YOUHUA_SAVEPIC_USB_1114_TWOTHREAD_SVEPIC_SAVE5\SRC\ENDOSCOPEMFC\RELEASE\PACKQUEUE.COD
E:\HXIJY\ENDOSCOPEMFC2012_MENU_CHANGEPARA_YOUHUA_SAVEPIC_USB_1114_TWOTHREAD_SVEPIC_SAVE5\SRC\ENDOSCOPEMFC\RELEASE\PCH.COD
E:\HXIJY\ENDOSCOPEMFC2012_MENU_CHANGEPARA_YOUHUA_SAVEPIC_USB_1114_TWOTHREAD_SVEPIC_SAVE5\SRC\ENDOSCOPEMFC\RELEASE\PICQUEUE.COD
E:\HXIJY\ENDOSCOPEMFC2012_MENU_CHANGEPARA_YOUHUA_SAVEPIC_USB_1114_TWOTHREAD_SVEPIC_SAVE5\SRC\ENDOSCOPEMFC\RELEASE\PLC.COD
E:\HXIJY\ENDOSCOPEMFC2012_MENU_CHANGEPARA_YOUHUA_SAVEPIC_USB_1114_TWOTHREAD_SVEPIC_SAVE5\SRC\ENDOSCOPEMFC\RELEASE\PROCESSCARD.COD
E:\HXIJY\ENDOSCOPEMFC2012_MENU_CHANGEPARA_YOUHUA_SAVEPIC_USB_1114_TWOTHREAD_SVEPIC_SAVE5\SRC\ENDOSCOPEMFC\RELEASE\VIDEOCOMIO.COD
E:\HXIJY\ENDOSCOPEMFC2012_MENU_CHANGEPARA_YOUHUA_SAVEPIC_USB_1114_TWOTHREAD_SVEPIC_SAVE5\SRC\ENDOSCOPEMFC\RELEASE\YUVQUEUE.COD
E:\HXIJY\ENDOSCOPEMFC2012_MENU_CHANGEPARA_YOUHUA_SAVEPIC_USB_1114_TWOTHREAD_SVEPIC_SAVE5\BIN\ENDOSCOPEMFC.MAP
E:\HXIJY\ENDOSCOPEMFC2012_MENU_CHANGEPARA_YOUHUA_SAVEPIC_USB_1114_TWOTHREAD_SVEPIC_SAVE5\BIN\ENDOSCOPEMFC.PDB
E:\HXIJY\ENDOSCOPEMFC2012_MENU_CHANGEPARA_YOUHUA_SAVEPIC_USB_1114_TWOTHREAD_SVEPIC_SAVE5\SRC\ENDOSCOPEMFC\RELEASE\ENDOSCOPEMFC.RES
E:\work_wm\HXIJY_code\endoscopemfc2012_menu_changepara_youhua_savepic_USB_1114_twothread_svepic_save5\src\EndoScopeMFC\Release\CEDSGrabberCB.obj
E:\work_wm\HXIJY_code\endoscopemfc2012_menu_changepara_youhua_savepic_USB_1114_twothread_svepic_save5\src\EndoScopeMFC\Release\CSetPSW.obj
E:\work_wm\HXIJY_code\endoscopemfc2012_menu_changepara_youhua_savepic_USB_1114_twothread_svepic_save5\src\EndoScopeMFC\Release\DataType.obj
E:\work_wm\HXIJY_code\endoscopemfc2012_menu_changepara_youhua_savepic_USB_1114_twothread_svepic_save5\src\EndoScopeMFC\Release\EDSCapture.obj
E:\work_wm\HXIJY_code\endoscopemfc2012_menu_changepara_youhua_savepic_USB_1114_twothread_svepic_save5\src\EndoScopeMFC\Release\EndoScopeMFC.obj
E:\work_wm\HXIJY_code\endoscopemfc2012_menu_changepara_youhua_savepic_USB_1114_twothread_svepic_save5\src\EndoScopeMFC\Release\EndoScopeMFCDlg.obj
E:\work_wm\HXIJY_code\endoscopemfc2012_menu_changepara_youhua_savepic_USB_1114_twothread_svepic_save5\src\EndoScopeMFC\Release\frameQueue.obj
E:\work_wm\HXIJY_code\endoscopemfc2012_menu_changepara_youhua_savepic_USB_1114_twothread_svepic_save5\src\EndoScopeMFC\Release\LightComIO.obj
E:\work_wm\HXIJY_code\endoscopemfc2012_menu_changepara_youhua_savepic_USB_1114_twothread_svepic_save5\src\EndoScopeMFC\Release\Login.obj
E:\work_wm\HXIJY_code\endoscopemfc2012_menu_changepara_youhua_savepic_USB_1114_twothread_svepic_save5\src\EndoScopeMFC\Release\MWCCGraphBuilder.obj
E:\work_wm\HXIJY_code\endoscopemfc2012_menu_changepara_youhua_savepic_USB_1114_twothread_svepic_save5\src\EndoScopeMFC\Release\packQueue.obj
E:\work_wm\HXIJY_code\endoscopemfc2012_menu_changepara_youhua_savepic_USB_1114_twothread_svepic_save5\src\EndoScopeMFC\Release\pch.obj
E:\work_wm\HXIJY_code\endoscopemfc2012_menu_changepara_youhua_savepic_USB_1114_twothread_svepic_save5\src\EndoScopeMFC\Release\PicQueue.obj
E:\work_wm\HXIJY_code\endoscopemfc2012_menu_changepara_youhua_savepic_USB_1114_twothread_svepic_save5\src\EndoScopeMFC\Release\PLC.obj
E:\work_wm\HXIJY_code\endoscopemfc2012_menu_changepara_youhua_savepic_USB_1114_twothread_svepic_save5\src\EndoScopeMFC\Release\ProcessCard.obj
E:\work_wm\HXIJY_code\endoscopemfc2012_menu_changepara_youhua_savepic_USB_1114_twothread_svepic_save5\src\EndoScopeMFC\Release\VideoComIO.obj
E:\work_wm\HXIJY_code\endoscopemfc2012_menu_changepara_youhua_savepic_USB_1114_twothread_svepic_save5\src\EndoScopeMFC\Release\yuvQueue.obj
E:\work_wm\HXIJY_code\endoscopemfc2012_menu_changepara_youhua_savepic_USB_1114_twothread_svepic_save5\src\EndoScopeMFC\Release\cl.command.1.tlog
E:\work_wm\HXIJY_code\endoscopemfc2012_menu_changepara_youhua_savepic_USB_1114_twothread_svepic_save5\src\EndoScopeMFC\Release\CL.read.1.tlog
E:\work_wm\HXIJY_code\endoscopemfc2012_menu_changepara_youhua_savepic_USB_1114_twothread_svepic_save5\src\EndoScopeMFC\Release\CL.write.1.tlog
E:\work_wm\HXIJY_code\endoscopemfc2012_menu_changepara_youhua_savepic_USB_1114_twothread_svepic_save5\src\EndoScopeMFC\Release\link-cvtres.read.1.tlog
E:\work_wm\HXIJY_code\endoscopemfc2012_menu_changepara_youhua_savepic_USB_1114_twothread_svepic_save5\src\EndoScopeMFC\Release\link-cvtres.write.1.tlog
E:\work_wm\HXIJY_code\endoscopemfc2012_menu_changepara_youhua_savepic_USB_1114_twothread_svepic_save5\src\EndoScopeMFC\Release\link-mt.read.1.tlog
E:\work_wm\HXIJY_code\endoscopemfc2012_menu_changepara_youhua_savepic_USB_1114_twothread_svepic_save5\src\EndoScopeMFC\Release\link-mt.write.1.tlog
E:\work_wm\HXIJY_code\endoscopemfc2012_menu_changepara_youhua_savepic_USB_1114_twothread_svepic_save5\src\EndoScopeMFC\Release\link-rc.read.1.tlog
E:\work_wm\HXIJY_code\endoscopemfc2012_menu_changepara_youhua_savepic_USB_1114_twothread_svepic_save5\src\EndoScopeMFC\Release\link-rc.write.1.tlog
E:\work_wm\HXIJY_code\endoscopemfc2012_menu_changepara_youhua_savepic_USB_1114_twothread_svepic_save5\src\EndoScopeMFC\Release\link.command.1.tlog
E:\work_wm\HXIJY_code\endoscopemfc2012_menu_changepara_youhua_savepic_USB_1114_twothread_svepic_save5\src\EndoScopeMFC\Release\link.read.1.tlog
E:\work_wm\HXIJY_code\endoscopemfc2012_menu_changepara_youhua_savepic_USB_1114_twothread_svepic_save5\src\EndoScopeMFC\Release\link.read.2.tlog
E:\work_wm\HXIJY_code\endoscopemfc2012_menu_changepara_youhua_savepic_USB_1114_twothread_svepic_save5\src\EndoScopeMFC\Release\link.read.3.tlog
E:\work_wm\HXIJY_code\endoscopemfc2012_menu_changepara_youhua_savepic_USB_1114_twothread_svepic_save5\src\EndoScopeMFC\Release\link.read.4.tlog
E:\work_wm\HXIJY_code\endoscopemfc2012_menu_changepara_youhua_savepic_USB_1114_twothread_svepic_save5\src\EndoScopeMFC\Release\link.read.5.tlog
E:\work_wm\HXIJY_code\endoscopemfc2012_menu_changepara_youhua_savepic_USB_1114_twothread_svepic_save5\src\EndoScopeMFC\Release\link.write.1.tlog
E:\work_wm\HXIJY_code\endoscopemfc2012_menu_changepara_youhua_savepic_USB_1114_twothread_svepic_save5\src\EndoScopeMFC\Release\rc.command.1.tlog
E:\work_wm\HXIJY_code\endoscopemfc2012_menu_changepara_youhua_savepic_USB_1114_twothread_svepic_save5\src\EndoScopeMFC\Release\rc.read.1.tlog
E:\work_wm\HXIJY_code\endoscopemfc2012_menu_changepara_youhua_savepic_USB_1114_twothread_svepic_save5\src\EndoScopeMFC\Release\rc.write.1.tlog
E:\work_wm\HXIJY_code\endoscopemfc2012_menu_changepara_youhua_savepic_USB_1114_twothread_svepic_save5\src\EndoScopeMFC\Release\EndoScopeMFC.res
E:\work_wm\HXIJY_code\endoscopemfc2012_menu_changepara_youhua_savepic_USB_1114_twothread_svepic_save5\src\EndoScopeMFC\Release\EndoScopeMFC.pch
E:\work_wm\HXIJY_code\endoscopemfc2012_menu_changepara_youhua_savepic_USB_1114_twothread_svepic_save5\src\EndoScopeMFC\Release\vc110.pdb
E:\work_wm\HXIJY_code\endoscopemfc2012_menu_changepara_youhua_savepic_USB_1114_twothread_svepic_save5\src\EndoScopeMFC\..\..\bin\EndoScopeMFC.exe
